0 info it worked if it ends with ok
1 verbose cli [ 'C:\\nodejs\\node.exe',
1 verbose cli   'C:\\nodejs\\node_modules\\npm\\bin\\npm-cli.js',
1 verbose cli   'i',
1 verbose cli   'gulp-plugin1',
1 verbose cli   '--save-dev' ]
2 info using npm@3.7.3
3 info using node@v5.8.0
4 silly loadCurrentTree Starting
5 silly install loadCurrentTree
6 silly install readLocalPackageData
7 silly fetchPackageMetaData gulp-plugin1
8 silly fetchNamedPackageData gulp-plugin1
9 silly mapToRegistry name gulp-plugin1
10 silly mapToRegistry using default registry
11 silly mapToRegistry registry https://registry.npm.taobao.org/
12 silly mapToRegistry uri https://registry.npm.taobao.org/gulp-plugin1
13 verbose request uri https://registry.npm.taobao.org/gulp-plugin1
14 verbose request no auth needed
15 info attempt registry request try #1 at 02:41:34
16 verbose request id ca01e57c242826e0
17 http request GET https://registry.npm.taobao.org/gulp-plugin1
18 info retry will retry, error on last attempt: Error: connect ETIMEDOUT 185.31.19.162:443
19 info attempt registry request try #2 at 02:42:05
20 http request GET https://registry.npm.taobao.org/gulp-plugin1
21 http 404 https://registry.npm.taobao.org/gulp-plugin1
22 verbose headers { 'content-type': 'application/json',
22 verbose headers   'cache-control': 'max-age=0',
22 verbose headers   'content-length': '2',
22 verbose headers   'accept-ranges': 'bytes',
22 verbose headers   date: 'Mon, 14 Mar 2016 18:42:09 GMT',
22 verbose headers   via: '1.1 varnish',
22 verbose headers   age: '0',
22 verbose headers   connection: 'keep-alive',
22 verbose headers   'x-served-by': 'cache-lhr6333-LHR',
22 verbose headers   'x-cache': 'MISS',
22 verbose headers   'x-cache-hits': '0',
22 verbose headers   'x-timer': 'S1457980929.053291,VS0,VE92' }
23 silly get cb [ 404,
23 silly get   { 'content-type': 'application/json',
23 silly get     'cache-control': 'max-age=0',
23 silly get     'content-length': '2',
23 silly get     'accept-ranges': 'bytes',
23 silly get     date: 'Mon, 14 Mar 2016 18:42:09 GMT',
23 silly get     via: '1.1 varnish',
23 silly get     age: '0',
23 silly get     connection: 'keep-alive',
23 silly get     'x-served-by': 'cache-lhr6333-LHR',
23 silly get     'x-cache': 'MISS',
23 silly get     'x-cache-hits': '0',
23 silly get     'x-timer': 'S1457980929.053291,VS0,VE92' } ]
24 silly fetchPackageMetaData Error: Registry returned 404 for GET on https://registry.npm.taobao.org/gulp-plugin1
24 silly fetchPackageMetaData     at makeError (C:\nodejs\node_modules\npm\node_modules\npm-registry-client\lib\request.js:264:12)
24 silly fetchPackageMetaData     at CachingRegistryClient.<anonymous> (C:\nodejs\node_modules\npm\node_modules\npm-registry-client\lib\request.js:242:14)
24 silly fetchPackageMetaData     at Request._callback (C:\nodejs\node_modules\npm\node_modules\npm-registry-client\lib\request.js:172:14)
24 silly fetchPackageMetaData     at Request.self.callback (C:\nodejs\node_modules\npm\node_modules\request\request.js:199:22)
24 silly fetchPackageMetaData     at emitTwo (events.js:100:13)
24 silly fetchPackageMetaData     at Request.emit (events.js:185:7)
24 silly fetchPackageMetaData     at Request.<anonymous> (C:\nodejs\node_modules\npm\node_modules\request\request.js:1036:10)
24 silly fetchPackageMetaData     at emitOne (events.js:95:20)
24 silly fetchPackageMetaData     at Request.emit (events.js:182:7)
24 silly fetchPackageMetaData     at IncomingMessage.<anonymous> (C:\nodejs\node_modules\npm\node_modules\request\request.js:963:12)
24 silly fetchPackageMetaData  error for gulp-plugin1 { [Error: Registry returned 404 for GET on https://registry.npm.taobao.org/gulp-plugin1] pkgid: 'gulp-plugin1', statusCode: 404, code: 'E404' }
25 silly rollbackFailedOptional Starting
26 silly rollbackFailedOptional Finishing
27 silly runTopLevelLifecycles Starting
28 silly runTopLevelLifecycles Finishing
29 silly install printInstalled
30 verbose stack Error: Registry returned 404 for GET on https://registry.npm.taobao.org/gulp-plugin1
30 verbose stack     at makeError (C:\nodejs\node_modules\npm\node_modules\npm-registry-client\lib\request.js:264:12)
30 verbose stack     at CachingRegistryClient.<anonymous> (C:\nodejs\node_modules\npm\node_modules\npm-registry-client\lib\request.js:242:14)
30 verbose stack     at Request._callback (C:\nodejs\node_modules\npm\node_modules\npm-registry-client\lib\request.js:172:14)
30 verbose stack     at Request.self.callback (C:\nodejs\node_modules\npm\node_modules\request\request.js:199:22)
30 verbose stack     at emitTwo (events.js:100:13)
30 verbose stack     at Request.emit (events.js:185:7)
30 verbose stack     at Request.<anonymous> (C:\nodejs\node_modules\npm\node_modules\request\request.js:1036:10)
30 verbose stack     at emitOne (events.js:95:20)
30 verbose stack     at Request.emit (events.js:182:7)
30 verbose stack     at IncomingMessage.<anonymous> (C:\nodejs\node_modules\npm\node_modules\request\request.js:963:12)
31 verbose statusCode 404
32 verbose pkgid gulp-plugin1
33 verbose cwd C:\Users\Administrator\Desktop\gulp-master
34 error Windows_NT 6.1.7601
35 error argv "C:\\nodejs\\node.exe" "C:\\nodejs\\node_modules\\npm\\bin\\npm-cli.js" "i" "gulp-plugin1" "--save-dev"
36 error node v5.8.0
37 error npm  v3.7.3
38 error code E404
39 error 404 Registry returned 404 for GET on https://registry.npm.taobao.org/gulp-plugin1
40 error 404
41 error 404 'gulp-plugin1' is not in the npm registry.
42 error 404 You should bug the author to publish it (or use the name yourself!)
43 error 404 Note that you can also install from a
44 error 404 tarball, folder, http url, or git url.
45 verbose exit [ 1, true ]
